Determining if the pthread_create exist failed with the following output:
Change Dir: /home/byzhang1804/Documents/Video-network-transmission-by-socket-master/camara/接收端功能包/CMakeFiles/CMakeTmp

Run Build Command:"/usr/bin/make" "cmTC_0960b/fast"
/usr/bin/make -f CMakeFiles/cmTC_0960b.dir/build.make CMakeFiles/cmTC_0960b.dir/build
make[1]: 进入目录“/home/byzhang1804/Documents/Video-network-transmission-by-socket-master/camara/接收端功能包/CMakeFiles/CMakeTmp”
Building C object CMakeFiles/cmTC_0960b.dir/CheckSymbolExists.c.o
/usr/bin/cc    -o CMakeFiles/cmTC_0960b.dir/CheckSymbolExists.c.o   -c /home/byzhang1804/Documents/Video-network-transmission-by-socket-master/camara/接收端功能包/CMakeFiles/CMakeTmp/CheckSymbolExists.c
Linking C executable cmTC_0960b
/usr/bin/cmake -E cmake_link_script CMakeFiles/cmTC_0960b.dir/link.txt --verbose=1
/usr/bin/cc      -rdynamic CMakeFiles/cmTC_0960b.dir/CheckSymbolExists.c.o  -o cmTC_0960b 
CMakeFiles/cmTC_0960b.dir/CheckSymbolExists.c.o：在函数‘main’中：
CheckSymbolExists.c:(.text+0x1b)：对‘pthread_create’未定义的引用
collect2: error: ld returned 1 exit status
CMakeFiles/cmTC_0960b.dir/build.make:97: recipe for target 'cmTC_0960b' failed
make[1]: *** [cmTC_0960b] Error 1
make[1]: 离开目录“/home/byzhang1804/Documents/Video-network-transmission-by-socket-master/camara/接收端功能包/CMakeFiles/CMakeTmp”
Makefile:126: recipe for target 'cmTC_0960b/fast' failed
make: *** [cmTC_0960b/fast] Error 2

File /home/byzhang1804/Documents/Video-network-transmission-by-socket-master/camara/接收端功能包/CMakeFiles/CMakeTmp/CheckSymbolExists.c:
/* */
#include <pthread.h>

int main(int argc, char** argv)
{
  (void)argv;
#ifndef pthread_create
  return ((int*)(&pthread_create))[argc];
#else
  (void)argc;
  return 0;
#endif
}

Determining if the function pthread_create exists in the pthreads failed with the following output:
Change Dir: /home/byzhang1804/Documents/Video-network-transmission-by-socket-master/camara/接收端功能包/CMakeFiles/CMakeTmp

Run Build Command:"/usr/bin/make" "cmTC_dda07/fast"
/usr/bin/make -f CMakeFiles/cmTC_dda07.dir/build.make CMakeFiles/cmTC_dda07.dir/build
make[1]: 进入目录“/home/byzhang1804/Documents/Video-network-transmission-by-socket-master/camara/接收端功能包/CMakeFiles/CMakeTmp”
Building C object CMakeFiles/cmTC_dda07.dir/CheckFunctionExists.c.o
/usr/bin/cc   -DCHECK_FUNCTION_EXISTS=pthread_create   -o CMakeFiles/cmTC_dda07.dir/CheckFunctionExists.c.o   -c /usr/share/cmake-3.10/Modules/CheckFunctionExists.c
Linking C executable cmTC_dda07
/usr/bin/cmake -E cmake_link_script CMakeFiles/cmTC_dda07.dir/link.txt --verbose=1
/usr/bin/cc  -DCHECK_FUNCTION_EXISTS=pthread_create    -rdynamic CMakeFiles/cmTC_dda07.dir/CheckFunctionExists.c.o  -o cmTC_dda07 -lpthreads 
/usr/bin/ld: 找不到 -lpthreads
collect2: error: ld returned 1 exit status
CMakeFiles/cmTC_dda07.dir/build.make:97: recipe for target 'cmTC_dda07' failed
make[1]: *** [cmTC_dda07] Error 1
make[1]: 离开目录“/home/byzhang1804/Documents/Video-network-transmission-by-socket-master/camara/接收端功能包/CMakeFiles/CMakeTmp”
Makefile:126: recipe for target 'cmTC_dda07/fast' failed
make: *** [cmTC_dda07/fast] Error 2


