Determining if the pthread_create exist failed with the following output:
Change Dir: /home/byzhang1804/Documents/Video-network-transmission-by-socket-master/camara/发送端功能包/video_client_socket/CMakeFiles/CMakeTmp

Run Build Command:"/usr/bin/make" "cmTC_36810/fast"
/usr/bin/make -f CMakeFiles/cmTC_36810.dir/build.make CMakeFiles/cmTC_36810.dir/build
make[1]: 进入目录“/home/byzhang1804/Documents/Video-network-transmission-by-socket-master/camara/发送端功能包/video_client_socket/CMakeFiles/CMakeTmp”
Building C object CMakeFiles/cmTC_36810.dir/CheckSymbolExists.c.o
/usr/bin/cc    -o CMakeFiles/cmTC_36810.dir/CheckSymbolExists.c.o   -c /home/byzhang1804/Documents/Video-network-transmission-by-socket-master/camara/发送端功能包/video_client_socket/CMakeFiles/CMakeTmp/CheckSymbolExists.c
Linking C executable cmTC_36810
/usr/bin/cmake -E cmake_link_script CMakeFiles/cmTC_36810.dir/link.txt --verbose=1
/usr/bin/cc      -rdynamic CMakeFiles/cmTC_36810.dir/CheckSymbolExists.c.o  -o cmTC_36810 
CMakeFiles/cmTC_36810.dir/CheckSymbolExists.c.o：在函数‘main’中：
CheckSymbolExists.c:(.text+0x1b)：对‘pthread_create’未定义的引用
collect2: error: ld returned 1 exit status
CMakeFiles/cmTC_36810.dir/build.make:97: recipe for target 'cmTC_36810' failed
make[1]: *** [cmTC_36810] Error 1
make[1]: 离开目录“/home/byzhang1804/Documents/Video-network-transmission-by-socket-master/camara/发送端功能包/video_client_socket/CMakeFiles/CMakeTmp”
Makefile:126: recipe for target 'cmTC_36810/fast' failed
make: *** [cmTC_36810/fast] Error 2

File /home/byzhang1804/Documents/Video-network-transmission-by-socket-master/camara/发送端功能包/video_client_socket/CMakeFiles/CMakeTmp/CheckSymbolExists.c:
/* */
#include <pthread.h>

int main(int argc, char** argv)
{
  (void)argv;
#ifndef pthread_create
  return ((int*)(&pthread_create))[argc];
#else
  (void)argc;
  return 0;
#endif
}

Determining if the function pthread_create exists in the pthreads failed with the following output:
Change Dir: /home/byzhang1804/Documents/Video-network-transmission-by-socket-master/camara/发送端功能包/video_client_socket/CMakeFiles/CMakeTmp

Run Build Command:"/usr/bin/make" "cmTC_401fb/fast"
/usr/bin/make -f CMakeFiles/cmTC_401fb.dir/build.make CMakeFiles/cmTC_401fb.dir/build
make[1]: 进入目录“/home/byzhang1804/Documents/Video-network-transmission-by-socket-master/camara/发送端功能包/video_client_socket/CMakeFiles/CMakeTmp”
Building C object CMakeFiles/cmTC_401fb.dir/CheckFunctionExists.c.o
/usr/bin/cc   -DCHECK_FUNCTION_EXISTS=pthread_create   -o CMakeFiles/cmTC_401fb.dir/CheckFunctionExists.c.o   -c /usr/share/cmake-3.10/Modules/CheckFunctionExists.c
Linking C executable cmTC_401fb
/usr/bin/cmake -E cmake_link_script CMakeFiles/cmTC_401fb.dir/link.txt --verbose=1
/usr/bin/cc  -DCHECK_FUNCTION_EXISTS=pthread_create    -rdynamic CMakeFiles/cmTC_401fb.dir/CheckFunctionExists.c.o  -o cmTC_401fb -lpthreads 
/usr/bin/ld: 找不到 -lpthreads
collect2: error: ld returned 1 exit status
CMakeFiles/cmTC_401fb.dir/build.make:97: recipe for target 'cmTC_401fb' failed
make[1]: *** [cmTC_401fb] Error 1
make[1]: 离开目录“/home/byzhang1804/Documents/Video-network-transmission-by-socket-master/camara/发送端功能包/video_client_socket/CMakeFiles/CMakeTmp”
Makefile:126: recipe for target 'cmTC_401fb/fast' failed
make: *** [cmTC_401fb/fast] Error 2


Performing C SOURCE FILE Test CMAKE_HAVE_LIBC_PTHREAD failed with the following output:
Change Dir: /home/byzhang1804/Documents/Video-network-transmission-by-socket-master/camara/发送端功能包/video_client_socket/CMakeFiles/CMakeTmp

Run Build Command(s):/usr/bin/make cmTC_099b7/fast && /usr/bin/make -f CMakeFiles/cmTC_099b7.dir/build.make CMakeFiles/cmTC_099b7.dir/build
make[1]: 进入目录“/home/byzhang1804/Documents/Video-network-transmission-by-socket-master/camara/发送端功能包/video_client_socket/CMakeFiles/CMakeTmp”
Building C object CMakeFiles/cmTC_099b7.dir/src.c.o
/usr/bin/cc   -DCMAKE_HAVE_LIBC_PTHREAD   -o CMakeFiles/cmTC_099b7.dir/src.c.o   -c /home/byzhang1804/Documents/Video-network-transmission-by-socket-master/camara/发送端功能包/video_client_socket/CMakeFiles/CMakeTmp/src.c
Linking C executable cmTC_099b7
/home/byzhang1804/clion/clion-2019.3.4/bin/cmake/linux/bin/cmake -E cmake_link_script CMakeFiles/cmTC_099b7.dir/link.txt --verbose=1
/usr/bin/cc  -DCMAKE_HAVE_LIBC_PTHREAD    -rdynamic CMakeFiles/cmTC_099b7.dir/src.c.o  -o cmTC_099b7 
CMakeFiles/cmTC_099b7.dir/src.c.o：在函数‘main’中：
src.c:(.text+0x3e)：对‘pthread_create’未定义的引用
src.c:(.text+0x4a)：对‘pthread_detach’未定义的引用
src.c:(.text+0x5b)：对‘pthread_join’未定义的引用
src.c:(.text+0x6f)：对‘pthread_atfork’未定义的引用
collect2: error: ld returned 1 exit status
CMakeFiles/cmTC_099b7.dir/build.make:86: recipe for target 'cmTC_099b7' failed
make[1]: *** [cmTC_099b7] Error 1
make[1]: 离开目录“/home/byzhang1804/Documents/Video-network-transmission-by-socket-master/camara/发送端功能包/video_client_socket/CMakeFiles/CMakeTmp”
Makefile:121: recipe for target 'cmTC_099b7/fast' failed
make: *** [cmTC_099b7/fast] Error 2


Source file was:
#include <pthread.h>

void* test_func(void* data)
{
  return data;
}

int main(void)
{
  pthread_t thread;
  pthread_create(&thread, NULL, test_func, NULL);
  pthread_detach(thread);
  pthread_join(thread, NULL);
  pthread_atfork(NULL, NULL, NULL);
  pthread_exit(NULL);

  return 0;
}

