Determining if the pthread_create exist failed with the following output:
Change Dir: /home/byzhang1804/Documents/Video-network-transmission-by-socket-master/camara/接收端功能包/video_socket_read/CMakeFiles/CMakeTmp

Run Build Command:"/usr/bin/make" "cmTC_1bdfb/fast"
/usr/bin/make -f CMakeFiles/cmTC_1bdfb.dir/build.make CMakeFiles/cmTC_1bdfb.dir/build
make[1]: 进入目录“/home/byzhang1804/Documents/Video-network-transmission-by-socket-master/camara/接收端功能包/video_socket_read/CMakeFiles/CMakeTmp”
Building C object CMakeFiles/cmTC_1bdfb.dir/CheckSymbolExists.c.o
/usr/bin/cc    -o CMakeFiles/cmTC_1bdfb.dir/CheckSymbolExists.c.o   -c /home/byzhang1804/Documents/Video-network-transmission-by-socket-master/camara/接收端功能包/video_socket_read/CMakeFiles/CMakeTmp/CheckSymbolExists.c
Linking C executable cmTC_1bdfb
/usr/bin/cmake -E cmake_link_script CMakeFiles/cmTC_1bdfb.dir/link.txt --verbose=1
/usr/bin/cc      -rdynamic CMakeFiles/cmTC_1bdfb.dir/CheckSymbolExists.c.o  -o cmTC_1bdfb 
CMakeFiles/cmTC_1bdfb.dir/CheckSymbolExists.c.o：在函数‘main’中：
CheckSymbolExists.c:(.text+0x1b)：对‘pthread_create’未定义的引用
collect2: error: ld returned 1 exit status
CMakeFiles/cmTC_1bdfb.dir/build.make:97: recipe for target 'cmTC_1bdfb' failed
make[1]: *** [cmTC_1bdfb] Error 1
make[1]: 离开目录“/home/byzhang1804/Documents/Video-network-transmission-by-socket-master/camara/接收端功能包/video_socket_read/CMakeFiles/CMakeTmp”
Makefile:126: recipe for target 'cmTC_1bdfb/fast' failed
make: *** [cmTC_1bdfb/fast] Error 2

File /home/byzhang1804/Documents/Video-network-transmission-by-socket-master/camara/接收端功能包/video_socket_read/CMakeFiles/CMakeTmp/CheckSymbolExists.c:
/* */
#include <pthread.h>

int main(int argc, char** argv)
{
  (void)argv;
#ifndef pthread_create
  return ((int*)(&pthread_create))[argc];
#else
  (void)argc;
  return 0;
#endif
}

Determining if the function pthread_create exists in the pthreads failed with the following output:
Change Dir: /home/byzhang1804/Documents/Video-network-transmission-by-socket-master/camara/接收端功能包/video_socket_read/CMakeFiles/CMakeTmp

Run Build Command:"/usr/bin/make" "cmTC_a6593/fast"
/usr/bin/make -f CMakeFiles/cmTC_a6593.dir/build.make CMakeFiles/cmTC_a6593.dir/build
make[1]: 进入目录“/home/byzhang1804/Documents/Video-network-transmission-by-socket-master/camara/接收端功能包/video_socket_read/CMakeFiles/CMakeTmp”
Building C object CMakeFiles/cmTC_a6593.dir/CheckFunctionExists.c.o
/usr/bin/cc   -DCHECK_FUNCTION_EXISTS=pthread_create   -o CMakeFiles/cmTC_a6593.dir/CheckFunctionExists.c.o   -c /usr/share/cmake-3.10/Modules/CheckFunctionExists.c
Linking C executable cmTC_a6593
/usr/bin/cmake -E cmake_link_script CMakeFiles/cmTC_a6593.dir/link.txt --verbose=1
/usr/bin/cc  -DCHECK_FUNCTION_EXISTS=pthread_create    -rdynamic CMakeFiles/cmTC_a6593.dir/CheckFunctionExists.c.o  -o cmTC_a6593 -lpthreads 
/usr/bin/ld: 找不到 -lpthreads
collect2: error: ld returned 1 exit status
CMakeFiles/cmTC_a6593.dir/build.make:97: recipe for target 'cmTC_a6593' failed
make[1]: *** [cmTC_a6593] Error 1
make[1]: 离开目录“/home/byzhang1804/Documents/Video-network-transmission-by-socket-master/camara/接收端功能包/video_socket_read/CMakeFiles/CMakeTmp”
Makefile:126: recipe for target 'cmTC_a6593/fast' failed
make: *** [cmTC_a6593/fast] Error 2


